<?xml version="1.0" encoding="UTF-8"?>
<testng-results skipped="0" failed="0" ignored="0" total="1" passed="1">
  <reporter-output>
  </reporter-output>
  <suite name="Default suite" duration-ms="29298" started-at="2018-01-04T14:48:59Z" finished-at="2018-01-04T14:49:28Z">
    <groups>
    </groups>
    <test name="Default test" duration-ms="29298" started-at="2018-01-04T14:48:59Z" finished-at="2018-01-04T14:49:28Z">
      <class name="Google.Auzmor.App">
        <test-method status="PASS" signature="browser()[pri:0, instance:Google.Auzmor.App@1a968a59]" name="browser" is-config="true" duration-ms="19898" started-at="2018-01-04T20:18:59Z" finished-at="2018-01-04T20:19:19Z">
          <reporter-output>
          </reporter-output>
        </test-method> <!-- browser -->
        <test-method status="PASS" signature="main(java.lang.String)[pri:0, instance:Google.Auzmor.App@1a968a59]" name="main" duration-ms="4975" started-at="2018-01-04T20:19:23Z" data-provider="datasheet" finished-at="2018-01-04T20:19:28Z">
          <params>
            <param index="0">
              <value>
                <![CDATA[Automation Testing]]>
              </value>
            </param>
          </params>
          <reporter-output>
          </reporter-output>
        </test-method> <!-- main -->
        <test-method status="PASS" signature="close()[pri:0, instance:Google.Auzmor.App@1a968a59]" name="close" is-config="true" duration-ms="2149" started-at="2018-01-04T20:19:28Z" finished-at="2018-01-04T20:19:30Z">
          <reporter-output>
          </reporter-output>
        </test-method> <!-- close -->
      </class> <!-- Google.Auzmor.App -->
    </test> <!-- Default test -->
  </suite> <!-- Default suite -->
</testng-results>
