<?xml version="1.0" encoding="UTF-8"?>
<testng-results skipped="0" failed="0" ignored="0" total="1" passed="1">
  <reporter-output>
  </reporter-output>
  <suite name="Default suite" duration-ms="17228" started-at="2018-01-04T14:15:37Z" finished-at="2018-01-04T14:15:54Z">
    <groups>
    </groups>
    <test name="Default test" duration-ms="17228" started-at="2018-01-04T14:15:37Z" finished-at="2018-01-04T14:15:54Z">
      <class name="Google.Auzmor.App">
        <test-method status="PASS" signature="main(java.lang.String)[pri:0, instance:Google.Auzmor.App@6093dd95]" name="main" duration-ms="14519" started-at="2018-01-04T19:45:40Z" data-provider="datasheet" finished-at="2018-01-04T19:45:54Z">
          <params>
            <param index="0">
              <value>
                <![CDATA[Automation Testing]]>
              </value>
            </param>
          </params>
          <reporter-output>
          </reporter-output>
        </test-method> <!-- main -->
      </class> <!-- Google.Auzmor.App -->
    </test> <!-- Default test -->
  </suite> <!-- Default suite -->
</testng-results>
